2026-05-22 13:10:48.741 [JavaFX Application Thread] INFO  model.domain.model.DailyHabit - Setting streak for DailyHabit '11', was 0, now 1
2026-05-22 13:10:48.759 [JavaFX Application Thread] INFO  model.domain.model.DailyHabit - Setting streak for DailyHabit '11ff', was 0, now 1
2026-05-22 13:12:27.167 [JavaFX Application Thread] INFO  model.domain.model.User - Task added: 11s
2026-05-22 13:12:31.106 [JavaFX Application Thread] INFO  model.domain.model.User - Task added: 11sx
2026-05-22 13:12:33.596 [JavaFX Application Thread] INFO  model.domain.model.AbstractTask - Task completed: '11sx' (OneTimeTask)
2026-05-22 13:12:33.599 [JavaFX Application Thread] INFO  model.domain.model.User - Task completed and XP granted: 11sx
2026-05-22 13:12:33.599 [JavaFX Application Thread] INFO  model.domain.model.User - Task removed: 11sx
2026-05-22 13:12:47.213 [JavaFX Application Thread] INFO  model.domain.model.User - Tasks successfully written to C:\Users\Simon_FussballKicker.NB-S200120\Documents\GitHub\disciplica/data/tasks.txt
2026-05-22 13:14:35.631 [JavaFX Application Thread] INFO  model.domain.model.DailyHabit - Setting streak for DailyHabit '11', was 0, now 1
2026-05-22 13:14:35.638 [JavaFX Application Thread] INFO  model.domain.model.DailyHabit - Setting streak for DailyHabit '11ff', was 0, now 1
2026-05-22 13:15:43.492 [JavaFX Application Thread] INFO  model.domain.model.User - Tasks successfully written to C:\Users\Simon_FussballKicker.NB-S200120\Documents\GitHub\disciplica/data/tasks.txt
2026-05-22 13:20:29.589 [JavaFX Application Thread] INFO  model.domain.model.DailyHabit - Setting streak for DailyHabit '11', was 0, now 1
2026-05-22 13:20:29.592 [JavaFX Application Thread] INFO  model.domain.model.DailyHabit - Setting streak for DailyHabit '11ff', was 0, now 1
2026-05-22 13:20:38.461 [JavaFX Application Thread] INFO  model.domain.model.User - Tasks successfully written to C:\Users\Simon_FussballKicker.NB-S200120\Documents\GitHub\disciplica/data/tasks.txt
2026-05-22 13:21:56.897 [JavaFX Application Thread] INFO  model.domain.model.DailyHabit - Setting streak for DailyHabit '11', was 0, now 1
2026-05-22 13:21:56.904 [JavaFX Application Thread] INFO  model.domain.model.DailyHabit - Setting streak for DailyHabit '11ff', was 0, now 1
2026-05-22 13:22:23.475 [JavaFX Application Thread] INFO  model.domain.model.User - Tasks successfully written to C:\Users\Simon_FussballKicker.NB-S200120\Documents\GitHub\disciplica/data/tasks.txt
2026-05-22 13:23:08.766 [JavaFX Application Thread] INFO  model.domain.model.DailyHabit - Setting streak for DailyHabit '11', was 0, now 1
2026-05-22 13:23:08.793 [JavaFX Application Thread] INFO  model.domain.model.DailyHabit - Setting streak for DailyHabit '11ff', was 0, now 1
2026-05-22 13:23:20.100 [JavaFX Application Thread] INFO  model.domain.model.User - Tasks successfully written to C:\Users\Simon_FussballKicker.NB-S200120\Documents\GitHub\disciplica/data/tasks.txt
2026-05-22 13:24:22.612 [JavaFX Application Thread] INFO  model.domain.model.DailyHabit - Setting streak for DailyHabit '11', was 0, now 1
2026-05-22 13:24:22.646 [JavaFX Application Thread] INFO  model.domain.model.DailyHabit - Setting streak for DailyHabit '11ff', was 0, now 1
2026-05-22 13:24:26.075 [JavaFX Application Thread] INFO  model.domain.model.User - Tasks successfully written to C:\Users\Simon_FussballKicker.NB-S200120\Documents\GitHub\disciplica/data/tasks.txt
2026-05-22 13:25:12.696 [JavaFX Application Thread] INFO  model.domain.model.DailyHabit - Setting streak for DailyHabit '11', was 0, now 1
2026-05-22 13:25:12.701 [JavaFX Application Thread] INFO  model.domain.model.DailyHabit - Setting streak for DailyHabit '11ff', was 0, now 1
2026-05-22 13:25:17.209 [JavaFX Application Thread] INFO  model.domain.model.User - Tasks successfully written to C:\Users\Simon_FussballKicker.NB-S200120\Documents\GitHub\disciplica/data/tasks.txt
2026-05-22 13:26:08.459 [JavaFX Application Thread] INFO  model.domain.model.DailyHabit - Setting streak for DailyHabit '11', was 0, now 1
2026-05-22 13:26:08.465 [JavaFX Application Thread] INFO  model.domain.model.DailyHabit - Setting streak for DailyHabit '11ff', was 0, now 1
2026-05-22 13:26:27.170 [JavaFX Application Thread] INFO  model.domain.model.User - Tasks successfully written to C:\Users\Simon_FussballKicker.NB-S200120\Documents\GitHub\disciplica/data/tasks.txt
2026-05-22 13:28:35.314 [JavaFX Application Thread] INFO  model.domain.model.DailyHabit - Setting streak for DailyHabit '11', was 0, now 1
2026-05-22 13:28:35.361 [JavaFX Application Thread] INFO  model.domain.model.DailyHabit - Setting streak for DailyHabit '11ff', was 0, now 1
2026-05-22 13:28:46.836 [JavaFX Application Thread] INFO  model.domain.model.User - Tasks successfully written to C:\Users\Simon_FussballKicker.NB-S200120\Documents\GitHub\disciplica/data/tasks.txt
2026-05-22 13:30:09.378 [JavaFX Application Thread] INFO  model.domain.model.DailyHabit - Setting streak for DailyHabit '11', was 0, now 1
2026-05-22 13:30:09.387 [JavaFX Application Thread] INFO  model.domain.model.DailyHabit - Setting streak for DailyHabit '11ff', was 0, now 1
2026-05-22 13:30:24.681 [JavaFX Application Thread] INFO  model.domain.model.User - Tasks successfully written to C:\Users\Simon_FussballKicker.NB-S200120\Documents\GitHub\disciplica/data/tasks.txt
2026-05-22 13:30:52.212 [JavaFX Application Thread] INFO  model.domain.model.DailyHabit - Setting streak for DailyHabit '11', was 0, now 1
2026-05-22 13:30:52.218 [JavaFX Application Thread] INFO  model.domain.model.DailyHabit - Setting streak for DailyHabit '11ff', was 0, now 1
2026-05-22 13:31:05.198 [JavaFX Application Thread] INFO  model.domain.model.User - Tasks successfully written to C:\Users\Simon_FussballKicker.NB-S200120\Documents\GitHub\disciplica/data/tasks.txt
2026-05-22 13:31:40.913 [JavaFX Application Thread] INFO  model.domain.model.DailyHabit - Setting streak for DailyHabit '11', was 0, now 1
2026-05-22 13:31:40.922 [JavaFX Application Thread] INFO  model.domain.model.DailyHabit - Setting streak for DailyHabit '11ff', was 0, now 1
2026-05-22 13:31:49.534 [JavaFX Application Thread] WARN  model.domain.model.AbstractTask - Attempted to complete already-completed task: '11' (DailyHabit)
2026-05-22 13:31:49.535 [JavaFX Application Thread] WARN  model.domain.model.DailyHabit - DailyHabit '11' was already completed, streak unchanged
2026-05-22 13:31:52.131 [JavaFX Application Thread] INFO  model.domain.model.AbstractTask - Task completed: '11s' (OneTimeTask)
2026-05-22 13:31:52.131 [JavaFX Application Thread] INFO  model.domain.model.User - Task completed and XP granted: 11s
2026-05-22 13:31:52.132 [JavaFX Application Thread] INFO  model.domain.model.User - Task removed: 11s
2026-05-22 13:32:04.859 [JavaFX Application Thread] INFO  model.domain.model.User - Task removed: 11ff
2026-05-22 13:32:05.245 [JavaFX Application Thread] ERROR model.domain.model.User - Attempted to operate on non-existent task: 11ff
2026-05-22 13:32:07.171 [JavaFX Application Thread] INFO  model.domain.model.User - Task removed: 11
2026-05-22 13:32:12.077 [JavaFX Application Thread] INFO  model.domain.model.User - Tasks successfully written to C:\Users\Simon_FussballKicker.NB-S200120\Documents\GitHub\disciplica/data/tasks.txt
